<?xml version="1.0" encoding="UTF-8"?>
<!-- Generated by org.testng.reporters.JUnitXMLReporter -->
<testsuite hostname="Jefferson" ignored="0" name="Default test" tests="3" failures="0" timestamp="17 mai 2018 02:23:39 GMT" time="7.326" errors="0">
  <testcase name="CT00_AutenticacaoToken" time="2.598" classname="br.com.sesendia.fb.TestNew"/>
  <testcase name="CT01_Post" time="3.636" classname="br.com.sesendia.fb.TestNew"/>
  <testcase name="CT02_AlteracaoPost" time="1.05" classname="br.com.sesendia.fb.TestNew"/>
</testsuite> <!-- Default test -->
