<?xml version="1.0" encoding="UTF-8"?>
<!-- Generated by org.testng.reporters.JUnitXMLReporter -->
<testsuite hostname="Jefferson" ignored="0" name="Default test" tests="7" failures="0" timestamp="18 mai 2018 01:27:39 GMT" time="7.861" errors="0">
  <testcase name="CT00_AutenticacaoToken_ClienteIDAusente" time="2.446" classname="br.com.sesendia.fb.TesteAPI"/>
  <testcase name="CT01_AutenticacaoToken_ClienteSecretInvalido" time="0.437" classname="br.com.sesendia.fb.TesteAPI"/>
  <testcase name="CT02_AutenticacaoToken_AgrantInvalido" time="0.388" classname="br.com.sesendia.fb.TesteAPI"/>
  <testcase name="CT03_AutenticacaoToken" time="0.386" classname="br.com.sesendia.fb.TesteAPI"/>
  <testcase name="CT04_Post" time="2.677" classname="br.com.sesendia.fb.TesteAPI"/>
  <testcase name="CT05_PostDuplicado" time="0.519" classname="br.com.sesendia.fb.TesteAPI"/>
  <testcase name="CT06_AlteracaoPost" time="0.957" classname="br.com.sesendia.fb.TesteAPI"/>
</testsuite> <!-- Default test -->
