<?xml version="1.0" encoding="UTF-8"?>
<testng-results skipped="0" failed="0" ignored="0" total="3" passed="3">
  <reporter-output>
  </reporter-output>
  <suite name="Default suite" duration-ms="7326" started-at="2018-05-17T02:23:31Z" finished-at="2018-05-17T02:23:39Z">
    <groups>
    </groups>
    <test name="Default test" duration-ms="7326" started-at="2018-05-17T02:23:31Z" finished-at="2018-05-17T02:23:39Z">
      <class name="br.com.sesendia.fb.TestNew">
        <test-method status="PASS" signature="CT00_AutenticacaoToken()[pri:0, instance:br.com.sesendia.fb.TestNew@59fa1d9b]" name="CT00_AutenticacaoToken" duration-ms="2598" started-at="2018-05-17T02:23:31Z" finished-at="2018-05-17T02:23:34Z">
          <reporter-output>
          </reporter-output>
        </test-method> <!-- CT00_AutenticacaoToken -->
        <test-method status="PASS" signature="CT01_Post()[pri:0, instance:br.com.sesendia.fb.TestNew@59fa1d9b]" name="CT01_Post" duration-ms="3636" started-at="2018-05-17T02:23:34Z" finished-at="2018-05-17T02:23:38Z">
          <reporter-output>
          </reporter-output>
        </test-method> <!-- CT01_Post -->
        <test-method status="PASS" signature="CT02_AlteracaoPost()[pri:0, instance:br.com.sesendia.fb.TestNew@59fa1d9b]" name="CT02_AlteracaoPost" duration-ms="1050" started-at="2018-05-17T02:23:38Z" finished-at="2018-05-17T02:23:39Z">
          <reporter-output>
          </reporter-output>
        </test-method> <!-- CT02_AlteracaoPost -->
      </class> <!-- br.com.sesendia.fb.TestNew -->
    </test> <!-- Default test -->
  </suite> <!-- Default suite -->
</testng-results>
